# JRE version: OpenJDK Runtime Environment Temurin-21.0.6+7 (21.0.6+7) (build 21.0.6+7-LTS)
# Java VM: OpenJDK 64-Bit Server VM Temurin-21.0.6+7 (21.0.6+7-LTS, mixed mode, emulated-client, sharing, tiered, compressed oops, compressed class ptrs, g1 gc, windows-amd64)
GC Precious Log:
 CardTable entry size: 512
 Card Set container configuration: InlinePtr #cards 5 size 8 Array Of Cards #cards 12 size 40 Howl #buckets 4 coarsen threshold 1843 Howl Bitmap #cards 512 size 80 coarsen threshold 460 Card regions per heap region 1 cards per card region 2048
 CPUs: 8 total, 8 available
 Memory: 7973M
 Large Page Support: Disabled
 NUMA Support: Disabled
 Compressed Oops: Enabled (32-bit)
 Heap Region Size: 1M
 Heap Min Capacity: 8M
 Heap Initial Capacity: 126M
 Heap Max Capacity: 1994M
 Pre-touch: Disabled
 Parallel Workers: 8
 Concurrent Workers: 2
 Concurrent Refinement Workers: 8
 Periodic GC: Disabled
Heap:
 garbage-first heap   total 109568K, used 81315K [0x0000000083600000, 0x0000000100000000)
  region size 1024K, 51 young (52224K), 8 survivors (8192K)
 Metaspace       used 79664K, committed 80448K, reserved 1179648K
  class space    used 11133K, committed 11520K, reserved 1048576K
GC Heap History (20 events):
Event: 8.224 GC heap before
{Heap before GC invocations=14 (full 0):
 garbage-first heap   total 75776K, used 65941K [0x0000000083600000, 0x0000000100000000)
  region size 1024K, 44 young (45056K), 3 survivors (3072K)
 Metaspace       used 47356K, committed 47936K, reserved 1114112K
  class space    used 6318K, committed 6592K, reserved 1048576K
}
Event: 8.228 GC heap after
{Heap after GC invocations=15 (full 0):
 garbage-first heap   total 75776K, used 25884K [0x0000000083600000, 0x0000000100000000)
  region size 1024K, 5 young (5120K), 5 survivors (5120K)
 Metaspace       used 47356K, committed 47936K, reserved 1114112K
  class space    used 6318K, committed 6592K, reserved 1048576K
}
Event: 8.495 GC heap before
{Heap before GC invocations=15 (full 0):
 garbage-first heap   total 75776K, used 64796K [0x0000000083600000, 0x0000000100000000)
  region size 1024K, 43 young (44032K), 5 survivors (5120K)
 Metaspace       used 50890K, committed 51456K, reserved 1114112K
  class space    used 6804K, committed 7040K, reserved 1048576K
}
Event: 8.500 GC heap after
{Heap after GC invocations=16 (full 0):
 garbage-first heap   total 75776K, used 26819K [0x0000000083600000, 0x0000000100000000)
  region size 1024K, 4 young (4096K), 4 survivors (4096K)
 Metaspace       used 50890K, committed 51456K, reserved 1114112K
  class space    used 6804K, committed 7040K, reserved 1048576K
}
Event: 8.759 GC heap before
{Heap before GC invocations=16 (full 0):
 garbage-first heap   total 75776K, used 65731K [0x0000000083600000, 0x0000000100000000)
  region size 1024K, 42 young (43008K), 4 survivors (4096K)
 Metaspace       used 54950K, committed 55552K, reserved 1114112K
  class space    used 7417K, committed 7680K, reserved 1048576K
}
Event: 8.762 GC heap after
{Heap after GC invocations=17 (full 0):
 garbage-first heap   total 91136K, used 27675K [0x0000000083600000, 0x0000000100000000)
  region size 1024K, 4 young (4096K), 4 survivors (4096K)
 Metaspace       used 54950K, committed 55552K, reserved 1114112K
  class space    used 7417K, committed 7680K, reserved 1048576K
}
Event: 8.817 GC heap before
{Heap before GC invocations=17 (full 0):
 garbage-first heap   total 91136K, used 33819K [0x0000000083600000, 0x0000000100000000)
  region size 1024K, 11 young (11264K), 4 survivors (4096K)
 Metaspace       used 56068K, committed 56640K, reserved 1114112K
  class space    used 7522K, committed 7808K, reserved 1048576K
}
Event: 8.821 GC heap after
{Heap after GC invocations=18 (full 0):
 garbage-first heap   total 91136K, used 27720K [0x0000000083600000, 0x0000000100000000)
  region size 1024K, 4 young (4096K), 4 survivors (4096K)
 Metaspace       used 56068K, committed 56640K, reserved 1114112K
  class space    used 7522K, committed 7808K, reserved 1048576K
}
Event: 9.201 GC heap before
{Heap before GC invocations=19 (full 0):
 garbage-first heap   total 91136K, used 77896K [0x0000000083600000, 0x0000000100000000)
  region size 1024K, 53 young (54272K), 4 survivors (4096K)
 Metaspace       used 58991K, committed 59584K, reserved 1114112K
  class space    used 8109K, committed 8384K, reserved 1048576K
}
Event: 9.204 GC heap after
{Heap after GC invocations=20 (full 0):
 garbage-first heap   total 91136K, used 28305K [0x0000000083600000, 0x0000000100000000)
  region size 1024K, 5 young (5120K), 5 survivors (5120K)
 Metaspace       used 58991K, committed 59584K, reserved 1114112K
  class space    used 8109K, committed 8384K, reserved 1048576K
}
Event: 9.671 GC heap before
{Heap before GC invocations=20 (full 0):
 garbage-first heap   total 91136K, used 77457K [0x0000000083600000, 0x0000000100000000)
  region size 1024K, 53 young (54272K), 5 survivors (5120K)
 Metaspace       used 63604K, committed 64256K, reserved 1114112K
  class space    used 8739K, committed 9024K, reserved 1048576K
}
Event: 9.675 GC heap after
{Heap after GC invocations=21 (full 0):
 garbage-first heap   total 91136K, used 30501K [0x0000000083600000, 0x0000000100000000)
  region size 1024K, 5 young (5120K), 5 survivors (5120K)
 Metaspace       used 63604K, committed 64256K, reserved 1114112K
  class space    used 8739K, committed 9024K, reserved 1048576K
}
Event: 9.983 GC heap before
{Heap before GC invocations=21 (full 0):
 garbage-first heap   total 91136K, used 79653K [0x0000000083600000, 0x0000000100000000)
  region size 1024K, 53 young (54272K), 5 survivors (5120K)
 Metaspace       used 66363K, committed 67072K, reserved 1114112K
  class space    used 9125K, committed 9472K, reserved 1048576K
}
Event: 9.988 GC heap after
{Heap after GC invocations=22 (full 0):
 garbage-first heap   total 91136K, used 31631K [0x0000000083600000, 0x0000000100000000)
  region size 1024K, 5 young (5120K), 5 survivors (5120K)
 Metaspace       used 66363K, committed 67072K, reserved 1114112K
  class space    used 9125K, committed 9472K, reserved 1048576K
}
Event: 10.273 GC heap before
{Heap before GC invocations=22 (full 0):
 garbage-first heap   total 91136K, used 79759K [0x0000000083600000, 0x0000000100000000)
  region size 1024K, 52 young (53248K), 5 survivors (5120K)
 Metaspace       used 68119K, committed 68800K, reserved 1114112K
  class space    used 9449K, committed 9792K, reserved 1048576K
}
Event: 10.279 GC heap after
{Heap after GC invocations=23 (full 0):
 garbage-first heap   total 109568K, used 33233K [0x0000000083600000, 0x0000000100000000)
  region size 1024K, 6 young (6144K), 6 survivors (6144K)
 Metaspace       used 68119K, committed 68800K, reserved 1114112K
  class space    used 9449K, committed 9792K, reserved 1048576K
}
Event: 10.697 GC heap before
{Heap before GC invocations=23 (full 0):
 garbage-first heap   total 109568K, used 91601K [0x0000000083600000, 0x0000000100000000)
  region size 1024K, 64 young (65536K), 6 survivors (6144K)
 Metaspace       used 71750K, committed 72512K, reserved 1114112K
  class space    used 10065K, committed 10432K, reserved 1048576K
}
Event: 10.702 GC heap after
{Heap after GC invocations=24 (full 0):
 garbage-first heap   total 109568K, used 35998K [0x0000000083600000, 0x0000000100000000)
  region size 1024K, 6 young (6144K), 6 survivors (6144K)
 Metaspace       used 71750K, committed 72512K, reserved 1114112K
  class space    used 10065K, committed 10432K, reserved 1048576K
}
Event: 11.555 GC heap before
{Heap before GC invocations=24 (full 0):
 garbage-first heap   total 109568K, used 94366K [0x0000000083600000, 0x0000000100000000)
  region size 1024K, 64 young (65536K), 6 survivors (6144K)
 Metaspace       used 76415K, committed 77248K, reserved 1179648K
  class space    used 10699K, committed 11072K, reserved 1048576K
}
Event: 11.564 GC heap after
{Heap after GC invocations=25 (full 0):
 garbage-first heap   total 109568K, used 39331K [0x0000000083600000, 0x0000000100000000)
  region size 1024K, 8 young (8192K), 8 survivors (8192K)
 Metaspace       used 76415K, committed 77248K, reserved 1179648K
  class space    used 10699K, committed 11072K, reserved 1048576K
}

